<?xml version="1.0" encoding="UTF-8"?>
<!-- Generated by org.testng.reporters.JUnitReportReporter -->
<testsuite hostname="DESKTOP-J4UGUPC" failures="0" tests="1" name="Pract.Upload_Practices" time="16.795" errors="0" timestamp="2025-09-27T19:11:38 IST" skipped="0">
  <testcase classname="Pract.Upload_Practices" name="load" time="16.795"/>
</testsuite> <!-- Pract.Upload_Practices -->
