<?xml version="1.0" encoding="UTF-8"?>
<!-- Generated by org.testng.reporters.JUnitReportReporter -->
<testsuite hostname="DESKTOP-J4UGUPC" failures="0" tests="1" name="Pract.Firsttrial1" time="0.016" errors="0" timestamp="2025-09-22T21:20:01 IST" skipped="0">
  <testcase classname="Pract.Firsttrial1" name="hello" time="0.016"/>
</testsuite> <!-- Pract.Firsttrial1 -->
