<?xml version="1.0" encoding="UTF-8"?>
<!-- Generated by org.testng.reporters.JUnitReportReporter -->
<testsuite hostname="DESKTOP-J4UGUPC" failures="0" tests="1" name="Pract.JSExecutor_trial" time="31.619" errors="0" timestamp="2025-09-22T21:42:37 IST" skipped="0">
  <testcase classname="Pract.JSExecutor_trial" name="executorScript" time="31.619"/>
</testsuite> <!-- Pract.JSExecutor_trial -->
