<?xml version="1.0" encoding="UTF-8"?>
<!-- Generated by org.testng.reporters.JUnitReportReporter -->
<testsuite hostname="DESKTOP-J4UGUPC" failures="0" tests="1" name="aPI_Practice.pract1" time="3.412" errors="0" timestamp="2025-10-05T13:55:54 IST" skipped="0">
  <testcase classname="aPI_Practice.pract1" name="test001" time="3.412"/>
</testsuite> <!-- aPI_Practice.pract1 -->
