<?xml version="1.0" encoding="UTF-8"?>
<!-- Generated by org.testng.reporters.JUnitReportReporter -->
<testsuite hostname="DESKTOP-J4UGUPC" failures="0" tests="1" name="Pract.Upload_pract" time="9.070" errors="0" timestamp="2025-09-27T18:15:23 IST" skipped="0">
  <testcase classname="Pract.Upload_pract" name="upload" time="9.070"/>
</testsuite> <!-- Pract.Upload_pract -->
